{"/home/luffy/A/Relevel/Practice/5 aug ecom/app.js": {"path":"/home/luffy/A/Relevel/Practice/5 aug ecom/app.js","statementMap":{"0":{"start":{"line":1,"column":16},"end":{"line":1,"column":34}},"1":{"start":{"line":7,"column":4},"end":{"line":7,"column":23}},"2":{"start":{"line":8,"column":12},"end":{"line":8,"column":21}},"3":{"start":{"line":10,"column":0},"end":{"line":10,"column":24}},"4":{"start":{"line":11,"column":0},"end":{"line":11,"column":20}},"5":{"start":{"line":12,"column":0},"end":{"line":12,"column":24}},"6":{"start":{"line":13,"column":0},"end":{"line":13,"column":23}},"7":{"start":{"line":14,"column":0},"end":{"line":14,"column":20}},"8":{"start":{"line":16,"column":0},"end":{"line":16,"column":25}}},"fnMap":{},"branchMap":{},"s":{"0":1,"1":1,"2":1,"3":1,"4":1,"5":1,"6":1,"7":1,"8":1},"f":{},"b":{},"_coverageSchema":"1a1c01bbd47fc00a2c39e90264f33305004495a9","hash":"05fe43d95cfd6c575751ac13c11bf327bb18e991"}
,"/home/luffy/A/Relevel/Practice/5 aug ecom/controller/auth.js": {"path":"/home/luffy/A/Relevel/Practice/5 aug ecom/controller/auth.js","statementMap":{"0":{"start":{"line":1,"column":15},"end":{"line":1,"column":34}},"1":{"start":{"line":2,"column":12},"end":{"line":2,"column":35}},"2":{"start":{"line":3,"column":23},"end":{"line":3,"column":43}},"3":{"start":{"line":6,"column":19},"end":{"line":6,"column":36}},"4":{"start":{"line":7,"column":16},"end":{"line":7,"column":30}},"5":{"start":{"line":8,"column":19},"end":{"line":8,"column":56}},"6":{"start":{"line":9,"column":2},"end":{"line":9,"column":36}},"7":{"start":{"line":10,"column":2},"end":{"line":24,"column":3}},"8":{"start":{"line":11,"column":17},"end":{"line":11,"column":65}},"9":{"start":{"line":12,"column":4},"end":{"line":12,"column":39}},"10":{"start":{"line":13,"column":4},"end":{"line":20,"column":5}},"11":{"start":{"line":14,"column":20},"end":{"line":14,"column":34}},"12":{"start":{"line":15,"column":21},"end":{"line":15,"column":47}},"13":{"start":{"line":16,"column":6},"end":{"line":16,"column":48}},"14":{"start":{"line":18,"column":21},"end":{"line":18,"column":45}},"15":{"start":{"line":19,"column":6},"end":{"line":19,"column":43}},"16":{"start":{"line":21,"column":4},"end":{"line":21,"column":38}},"17":{"start":{"line":23,"column":4},"end":{"line":23,"column":59}},"18":{"start":{"line":27,"column":19},"end":{"line":27,"column":36}},"19":{"start":{"line":28,"column":19},"end":{"line":28,"column":36}},"20":{"start":{"line":29,"column":2},"end":{"line":66,"column":3}},"21":{"start":{"line":30,"column":17},"end":{"line":34,"column":6}},"22":{"start":{"line":35,"column":4},"end":{"line":63,"column":5}},"23":{"start":{"line":36,"column":28},"end":{"line":36,"column":71}},"24":{"start":{"line":37,"column":6},"end":{"line":40,"column":7}},"25":{"start":{"line":38,"column":8},"end":{"line":38,"column":68}},"26":{"start":{"line":39,"column":8},"end":{"line":39,"column":15}},"27":{"start":{"line":41,"column":20},"end":{"line":45,"column":7}},"28":{"start":{"line":46,"column":26},"end":{"line":46,"column":28}},"29":{"start":{"line":47,"column":20},"end":{"line":47,"column":41}},"30":{"start":{"line":48,"column":6},"end":{"line":50,"column":7}},"31":{"start":{"line":48,"column":19},"end":{"line":48,"column":20}},"32":{"start":{"line":49,"column":8},"end":{"line":49,"column":40}},"33":{"start":{"line":51,"column":24},"end":{"line":58,"column":7}},"34":{"start":{"line":59,"column":6},"end":{"line":59,"column":26}},"35":{"start":{"line":62,"column":6},"end":{"line":62,"column":66}},"36":{"start":{"line":65,"column":4},"end":{"line":65,"column":59}},"37":{"start":{"line":68,"column":0},"end":{"line":68,"column":36}}},"fnMap":{"0":{"name":"signUp","decl":{"start":{"line":5,"column":15},"end":{"line":5,"column":21}},"loc":{"start":{"line":5,"column":32},"end":{"line":25,"column":1}},"line":5},"1":{"name":"signIn","decl":{"start":{"line":26,"column":15},"end":{"line":26,"column":21}},"loc":{"start":{"line":26,"column":32},"end":{"line":67,"column":1}},"line":26}},"branchMap":{"0":{"loc":{"start":{"line":13,"column":4},"end":{"line":20,"column":5}},"type":"if","locations":[{"start":{"line":13,"column":4},"end":{"line":20,"column":5}},{"start":{"line":17,"column":11},"end":{"line":20,"column":5}}],"line":13},"1":{"loc":{"start":{"line":35,"column":4},"end":{"line":63,"column":5}},"type":"if","locations":[{"start":{"line":35,"column":4},"end":{"line":63,"column":5}},{"start":{"line":61,"column":11},"end":{"line":63,"column":5}}],"line":35},"2":{"loc":{"start":{"line":37,"column":6},"end":{"line":40,"column":7}},"type":"if","locations":[{"start":{"line":37,"column":6},"end":{"line":40,"column":7}},{"start":{},"end":{}}],"line":37}},"s":{"0":1,"1":1,"2":1,"3":0,"4":0,"5":0,"6":0,"7":0,"8":0,"9":0,"10":0,"11":0,"12":0,"13":0,"14":0,"15":0,"16":0,"17":0,"18":0,"19":0,"20":0,"21":0,"22":0,"23":0,"24":0,"25":0,"26":0,"27":0,"28":0,"29":0,"30":0,"31":0,"32":0,"33":0,"34":0,"35":0,"36":0,"37":1},"f":{"0":0,"1":0},"b":{"0":[0,0],"1":[0,0],"2":[0,0]},"_coverageSchema":"1a1c01bbd47fc00a2c39e90264f33305004495a9","hash":"20428e056001609dd0f30f4fd0f1ae76e4aa3c92"}
,"/home/luffy/A/Relevel/Practice/5 aug ecom/controller/cart.js": {"path":"/home/luffy/A/Relevel/Practice/5 aug ecom/controller/cart.js","statementMap":{"0":{"start":{"line":1,"column":27},"end":{"line":1,"column":47}},"1":{"start":{"line":4,"column":17},"end":{"line":4,"column":30}},"2":{"start":{"line":5,"column":2},"end":{"line":42,"column":3}},"3":{"start":{"line":6,"column":17},"end":{"line":6,"column":44}},"4":{"start":{"line":7,"column":4},"end":{"line":39,"column":5}},"5":{"start":{"line":8,"column":25},"end":{"line":8,"column":44}},"6":{"start":{"line":9,"column":23},"end":{"line":13,"column":8}},"7":{"start":{"line":14,"column":6},"end":{"line":36,"column":7}},"8":{"start":{"line":15,"column":8},"end":{"line":15,"column":41}},"9":{"start":{"line":17,"column":29},"end":{"line":17,"column":53}},"10":{"start":{"line":19,"column":24},"end":{"line":19,"column":25}},"11":{"start":{"line":20,"column":30},"end":{"line":20,"column":32}},"12":{"start":{"line":21,"column":8},"end":{"line":29,"column":9}},"13":{"start":{"line":21,"column":21},"end":{"line":21,"column":22}},"14":{"start":{"line":22,"column":10},"end":{"line":22,"column":55}},"15":{"start":{"line":23,"column":10},"end":{"line":28,"column":13}},"16":{"start":{"line":30,"column":8},"end":{"line":33,"column":11}},"17":{"start":{"line":35,"column":8},"end":{"line":35,"column":64}},"18":{"start":{"line":38,"column":6},"end":{"line":38,"column":59}},"19":{"start":{"line":41,"column":4},"end":{"line":41,"column":58}},"20":{"start":{"line":46,"column":17},"end":{"line":46,"column":30}},"21":{"start":{"line":47,"column":2},"end":{"line":72,"column":3}},"22":{"start":{"line":48,"column":17},"end":{"line":48,"column":44}},"23":{"start":{"line":49,"column":4},"end":{"line":69,"column":5}},"24":{"start":{"line":50,"column":27},"end":{"line":50,"column":51}},"25":{"start":{"line":52,"column":22},"end":{"line":52,"column":23}},"26":{"start":{"line":53,"column":28},"end":{"line":53,"column":30}},"27":{"start":{"line":54,"column":6},"end":{"line":62,"column":7}},"28":{"start":{"line":54,"column":19},"end":{"line":54,"column":20}},"29":{"start":{"line":55,"column":8},"end":{"line":55,"column":53}},"30":{"start":{"line":56,"column":8},"end":{"line":61,"column":11}},"31":{"start":{"line":63,"column":6},"end":{"line":66,"column":9}},"32":{"start":{"line":68,"column":6},"end":{"line":68,"column":59}},"33":{"start":{"line":71,"column":4},"end":{"line":71,"column":58}},"34":{"start":{"line":75,"column":0},"end":{"line":75,"column":41}}},"fnMap":{"0":{"name":"updateCart","decl":{"start":{"line":3,"column":15},"end":{"line":3,"column":25}},"loc":{"start":{"line":3,"column":36},"end":{"line":43,"column":1}},"line":3},"1":{"name":"getCart","decl":{"start":{"line":45,"column":15},"end":{"line":45,"column":22}},"loc":{"start":{"line":45,"column":33},"end":{"line":73,"column":1}},"line":45}},"branchMap":{"0":{"loc":{"start":{"line":7,"column":4},"end":{"line":39,"column":5}},"type":"if","locations":[{"start":{"line":7,"column":4},"end":{"line":39,"column":5}},{"start":{"line":37,"column":11},"end":{"line":39,"column":5}}],"line":7},"1":{"loc":{"start":{"line":14,"column":6},"end":{"line":36,"column":7}},"type":"if","locations":[{"start":{"line":14,"column":6},"end":{"line":36,"column":7}},{"start":{"line":34,"column":13},"end":{"line":36,"column":7}}],"line":14},"2":{"loc":{"start":{"line":49,"column":4},"end":{"line":69,"column":5}},"type":"if","locations":[{"start":{"line":49,"column":4},"end":{"line":69,"column":5}},{"start":{"line":67,"column":11},"end":{"line":69,"column":5}}],"line":49}},"s":{"0":1,"1":0,"2":0,"3":0,"4":0,"5":0,"6":0,"7":0,"8":0,"9":0,"10":0,"11":0,"12":0,"13":0,"14":0,"15":0,"16":0,"17":0,"18":0,"19":0,"20":0,"21":0,"22":0,"23":0,"24":0,"25":0,"26":0,"27":0,"28":0,"29":0,"30":0,"31":0,"32":0,"33":0,"34":1},"f":{"0":0,"1":0},"b":{"0":[0,0],"1":[0,0],"2":[0,0]},"_coverageSchema":"1a1c01bbd47fc00a2c39e90264f33305004495a9","hash":"0c04b76f5595ca66398257c211cdc45d41b1b4a3"}
,"/home/luffy/A/Relevel/Practice/5 aug ecom/controller/category.js": {"path":"/home/luffy/A/Relevel/Practice/5 aug ecom/controller/category.js","statementMap":{"0":{"start":{"line":1,"column":23},"end":{"line":1,"column":43}},"1":{"start":{"line":2,"column":33},"end":{"line":2,"column":66}},"2":{"start":{"line":5,"column":15},"end":{"line":5,"column":23}},"3":{"start":{"line":6,"column":15},"end":{"line":6,"column":24}},"4":{"start":{"line":7,"column":22},"end":{"line":7,"column":38}},"5":{"start":{"line":8,"column":2},"end":{"line":15,"column":3}},"6":{"start":{"line":9,"column":19},"end":{"line":9,"column":65}},"7":{"start":{"line":10,"column":4},"end":{"line":10,"column":24}},"8":{"start":{"line":11,"column":4},"end":{"line":11,"column":51}},"9":{"start":{"line":13,"column":4},"end":{"line":13,"column":51}},"10":{"start":{"line":14,"column":4},"end":{"line":14,"column":61}},"11":{"start":{"line":18,"column":2},"end":{"line":24,"column":3}},"12":{"start":{"line":19,"column":19},"end":{"line":19,"column":45}},"13":{"start":{"line":20,"column":4},"end":{"line":20,"column":21}},"14":{"start":{"line":22,"column":4},"end":{"line":22,"column":50}},"15":{"start":{"line":23,"column":4},"end":{"line":23,"column":61}},"16":{"start":{"line":27,"column":21},"end":{"line":27,"column":34}},"17":{"start":{"line":28,"column":2},"end":{"line":38,"column":3}},"18":{"start":{"line":29,"column":19},"end":{"line":33,"column":6}},"19":{"start":{"line":34,"column":4},"end":{"line":34,"column":21}},"20":{"start":{"line":36,"column":4},"end":{"line":36,"column":57}},"21":{"start":{"line":37,"column":4},"end":{"line":37,"column":59}},"22":{"start":{"line":41,"column":21},"end":{"line":41,"column":34}},"23":{"start":{"line":42,"column":2},"end":{"line":60,"column":3}},"24":{"start":{"line":43,"column":19},"end":{"line":47,"column":6}},"25":{"start":{"line":48,"column":4},"end":{"line":56,"column":5}},"26":{"start":{"line":49,"column":6},"end":{"line":49,"column":34}},"27":{"start":{"line":50,"column":6},"end":{"line":50,"column":48}},"28":{"start":{"line":51,"column":6},"end":{"line":51,"column":20}},"29":{"start":{"line":52,"column":6},"end":{"line":52,"column":69}},"30":{"start":{"line":54,"column":6},"end":{"line":54,"column":50}},"31":{"start":{"line":55,"column":6},"end":{"line":55,"column":63}},"32":{"start":{"line":58,"column":4},"end":{"line":58,"column":57}},"33":{"start":{"line":59,"column":4},"end":{"line":59,"column":59}},"34":{"start":{"line":63,"column":21},"end":{"line":63,"column":34}},"35":{"start":{"line":64,"column":2},"end":{"line":74,"column":3}},"36":{"start":{"line":65,"column":19},"end":{"line":69,"column":6}},"37":{"start":{"line":70,"column":4},"end":{"line":70,"column":52}},"38":{"start":{"line":72,"column":4},"end":{"line":72,"column":58}},"39":{"start":{"line":73,"column":4},"end":{"line":73,"column":59}},"40":{"start":{"line":77,"column":0},"end":{"line":83,"column":2}}},"fnMap":{"0":{"name":"createCategory","decl":{"start":{"line":4,"column":15},"end":{"line":4,"column":29}},"loc":{"start":{"line":4,"column":40},"end":{"line":16,"column":1}},"line":4},"1":{"name":"getAllCategory","decl":{"start":{"line":17,"column":15},"end":{"line":17,"column":29}},"loc":{"start":{"line":17,"column":40},"end":{"line":25,"column":1}},"line":17},"2":{"name":"getCategortOnId","decl":{"start":{"line":26,"column":15},"end":{"line":26,"column":30}},"loc":{"start":{"line":26,"column":41},"end":{"line":39,"column":1}},"line":26},"3":{"name":"updateCategory","decl":{"start":{"line":40,"column":15},"end":{"line":40,"column":29}},"loc":{"start":{"line":40,"column":40},"end":{"line":61,"column":1}},"line":40},"4":{"name":"deleteCategory","decl":{"start":{"line":62,"column":15},"end":{"line":62,"column":29}},"loc":{"start":{"line":62,"column":40},"end":{"line":75,"column":1}},"line":62}},"branchMap":{"0":{"loc":{"start":{"line":48,"column":4},"end":{"line":56,"column":5}},"type":"if","locations":[{"start":{"line":48,"column":4},"end":{"line":56,"column":5}},{"start":{"line":53,"column":11},"end":{"line":56,"column":5}}],"line":48}},"s":{"0":1,"1":1,"2":0,"3":0,"4":0,"5":0,"6":0,"7":0,"8":0,"9":0,"10":0,"11":1,"12":1,"13":1,"14":0,"15":0,"16":0,"17":0,"18":0,"19":0,"20":0,"21":0,"22":0,"23":0,"24":0,"25":0,"26":0,"27":0,"28":0,"29":0,"30":0,"31":0,"32":0,"33":0,"34":0,"35":0,"36":0,"37":0,"38":0,"39":0,"40":1},"f":{"0":0,"1":1,"2":0,"3":0,"4":0},"b":{"0":[0,0]},"_coverageSchema":"1a1c01bbd47fc00a2c39e90264f33305004495a9","hash":"4460eda5835f673ba4d653c32d29954564965450"}
,"/home/luffy/A/Relevel/Practice/5 aug ecom/controller/product.js": {"path":"/home/luffy/A/Relevel/Practice/5 aug ecom/controller/product.js","statementMap":{"0":{"start":{"line":1,"column":32},"end":{"line":1,"column":52}},"1":{"start":{"line":3,"column":22},"end":{"line":3,"column":30}},"2":{"start":{"line":5,"column":2},"end":{"line":22,"column":3}},"3":{"start":{"line":6,"column":17},"end":{"line":6,"column":33}},"4":{"start":{"line":7,"column":24},"end":{"line":7,"column":47}},"5":{"start":{"line":8,"column":17},"end":{"line":8,"column":33}},"6":{"start":{"line":9,"column":21},"end":{"line":9,"column":41}},"7":{"start":{"line":10,"column":23},"end":{"line":10,"column":45}},"8":{"start":{"line":12,"column":19},"end":{"line":18,"column":6}},"9":{"start":{"line":19,"column":4},"end":{"line":19,"column":65}},"10":{"start":{"line":21,"column":4},"end":{"line":21,"column":57}},"11":{"start":{"line":25,"column":2},"end":{"line":30,"column":3}},"12":{"start":{"line":26,"column":19},"end":{"line":26,"column":43}},"13":{"start":{"line":27,"column":4},"end":{"line":27,"column":33}},"14":{"start":{"line":29,"column":4},"end":{"line":29,"column":57}},"15":{"start":{"line":33,"column":20},"end":{"line":33,"column":33}},"16":{"start":{"line":34,"column":2},"end":{"line":43,"column":3}},"17":{"start":{"line":35,"column":19},"end":{"line":39,"column":6}},"18":{"start":{"line":40,"column":4},"end":{"line":40,"column":21}},"19":{"start":{"line":42,"column":4},"end":{"line":42,"column":57}},"20":{"start":{"line":46,"column":22},"end":{"line":46,"column":30}},"21":{"start":{"line":47,"column":20},"end":{"line":47,"column":33}},"22":{"start":{"line":48,"column":2},"end":{"line":59,"column":3}},"23":{"start":{"line":56,"column":4},"end":{"line":58,"column":70}},"24":{"start":{"line":60,"column":2},"end":{"line":76,"column":3}},"25":{"start":{"line":61,"column":20},"end":{"line":63,"column":6}},"26":{"start":{"line":64,"column":4},"end":{"line":73,"column":5}},"27":{"start":{"line":65,"column":6},"end":{"line":65,"column":38}},"28":{"start":{"line":66,"column":6},"end":{"line":66,"column":38}},"29":{"start":{"line":67,"column":6},"end":{"line":67,"column":52}},"30":{"start":{"line":68,"column":6},"end":{"line":68,"column":46}},"31":{"start":{"line":69,"column":6},"end":{"line":69,"column":21}},"32":{"start":{"line":70,"column":6},"end":{"line":70,"column":47}},"33":{"start":{"line":72,"column":6},"end":{"line":72,"column":60}},"34":{"start":{"line":75,"column":4},"end":{"line":75,"column":57}},"35":{"start":{"line":79,"column":20},"end":{"line":79,"column":33}},"36":{"start":{"line":80,"column":2},"end":{"line":87,"column":3}},"37":{"start":{"line":81,"column":4},"end":{"line":83,"column":7}},"38":{"start":{"line":84,"column":4},"end":{"line":84,"column":41}},"39":{"start":{"line":86,"column":4},"end":{"line":86,"column":57}},"40":{"start":{"line":90,"column":21},"end":{"line":90,"column":41}},"41":{"start":{"line":91,"column":15},"end":{"line":91,"column":29}},"42":{"start":{"line":92,"column":18},"end":{"line":92,"column":35}},"43":{"start":{"line":93,"column":18},"end":{"line":93,"column":35}},"44":{"start":{"line":94,"column":2},"end":{"line":101,"column":3}},"45":{"start":{"line":95,"column":19},"end":{"line":99,"column":6}},"46":{"start":{"line":100,"column":4},"end":{"line":100,"column":21}},"47":{"start":{"line":102,"column":2},"end":{"line":109,"column":3}},"48":{"start":{"line":103,"column":19},"end":{"line":107,"column":6}},"49":{"start":{"line":108,"column":4},"end":{"line":108,"column":21}},"50":{"start":{"line":110,"column":2},"end":{"line":141,"column":3}},"51":{"start":{"line":111,"column":19},"end":{"line":118,"column":6}},"52":{"start":{"line":119,"column":4},"end":{"line":119,"column":21}},"53":{"start":{"line":120,"column":9},"end":{"line":141,"column":3}},"54":{"start":{"line":121,"column":19},"end":{"line":127,"column":6}},"55":{"start":{"line":128,"column":4},"end":{"line":128,"column":21}},"56":{"start":{"line":129,"column":9},"end":{"line":141,"column":3}},"57":{"start":{"line":130,"column":19},"end":{"line":136,"column":6}},"58":{"start":{"line":137,"column":4},"end":{"line":137,"column":21}},"59":{"start":{"line":139,"column":19},"end":{"line":139,"column":43}},"60":{"start":{"line":140,"column":4},"end":{"line":140,"column":21}},"61":{"start":{"line":143,"column":0},"end":{"line":150,"column":2}}},"fnMap":{"0":{"name":"createProduct","decl":{"start":{"line":2,"column":15},"end":{"line":2,"column":28}},"loc":{"start":{"line":2,"column":39},"end":{"line":23,"column":1}},"line":2},"1":{"name":"getAllProduct","decl":{"start":{"line":24,"column":15},"end":{"line":24,"column":28}},"loc":{"start":{"line":24,"column":39},"end":{"line":31,"column":1}},"line":24},"2":{"name":"getProductOnId","decl":{"start":{"line":32,"column":15},"end":{"line":32,"column":29}},"loc":{"start":{"line":32,"column":40},"end":{"line":44,"column":1}},"line":32},"3":{"name":"updateProduct","decl":{"start":{"line":45,"column":15},"end":{"line":45,"column":28}},"loc":{"start":{"line":45,"column":39},"end":{"line":77,"column":1}},"line":45},"4":{"name":"deleteProduct","decl":{"start":{"line":78,"column":15},"end":{"line":78,"column":28}},"loc":{"start":{"line":78,"column":39},"end":{"line":88,"column":1}},"line":78},"5":{"name":"filterBasedOnProduct","decl":{"start":{"line":89,"column":15},"end":{"line":89,"column":35}},"loc":{"start":{"line":89,"column":46},"end":{"line":142,"column":1}},"line":89}},"branchMap":{"0":{"loc":{"start":{"line":48,"column":2},"end":{"line":59,"column":3}},"type":"if","locations":[{"start":{"line":48,"column":2},"end":{"line":59,"column":3}},{"start":{},"end":{}}],"line":48},"1":{"loc":{"start":{"line":50,"column":6},"end":{"line":53,"column":29}},"type":"binary-expr","locations":[{"start":{"line":50,"column":6},"end":{"line":50,"column":22}},{"start":{"line":51,"column":6},"end":{"line":51,"column":22}},{"start":{"line":52,"column":6},"end":{"line":52,"column":26}},{"start":{"line":53,"column":6},"end":{"line":53,"column":29}}],"line":50},"2":{"loc":{"start":{"line":64,"column":4},"end":{"line":73,"column":5}},"type":"if","locations":[{"start":{"line":64,"column":4},"end":{"line":73,"column":5}},{"start":{"line":71,"column":11},"end":{"line":73,"column":5}}],"line":64},"3":{"loc":{"start":{"line":94,"column":2},"end":{"line":101,"column":3}},"type":"if","locations":[{"start":{"line":94,"column":2},"end":{"line":101,"column":3}},{"start":{},"end":{}}],"line":94},"4":{"loc":{"start":{"line":102,"column":2},"end":{"line":109,"column":3}},"type":"if","locations":[{"start":{"line":102,"column":2},"end":{"line":109,"column":3}},{"start":{},"end":{}}],"line":102},"5":{"loc":{"start":{"line":110,"column":2},"end":{"line":141,"column":3}},"type":"if","locations":[{"start":{"line":110,"column":2},"end":{"line":141,"column":3}},{"start":{"line":120,"column":9},"end":{"line":141,"column":3}}],"line":110},"6":{"loc":{"start":{"line":110,"column":6},"end":{"line":110,"column":24}},"type":"binary-expr","locations":[{"start":{"line":110,"column":6},"end":{"line":110,"column":13}},{"start":{"line":110,"column":17},"end":{"line":110,"column":24}}],"line":110},"7":{"loc":{"start":{"line":120,"column":9},"end":{"line":141,"column":3}},"type":"if","locations":[{"start":{"line":120,"column":9},"end":{"line":141,"column":3}},{"start":{"line":129,"column":9},"end":{"line":141,"column":3}}],"line":120},"8":{"loc":{"start":{"line":129,"column":9},"end":{"line":141,"column":3}},"type":"if","locations":[{"start":{"line":129,"column":9},"end":{"line":141,"column":3}},{"start":{"line":138,"column":9},"end":{"line":141,"column":3}}],"line":129}},"s":{"0":2,"1":2,"2":2,"3":2,"4":2,"5":2,"6":2,"7":2,"8":2,"9":1,"10":1,"11":1,"12":1,"13":1,"14":0,"15":0,"16":0,"17":0,"18":0,"19":0,"20":0,"21":0,"22":0,"23":0,"24":0,"25":0,"26":0,"27":0,"28":0,"29":0,"30":0,"31":0,"32":0,"33":0,"34":0,"35":0,"36":0,"37":0,"38":0,"39":0,"40":0,"41":0,"42":0,"43":0,"44":0,"45":0,"46":0,"47":0,"48":0,"49":0,"50":0,"51":0,"52":0,"53":0,"54":0,"55":0,"56":0,"57":0,"58":0,"59":0,"60":0,"61":2},"f":{"0":2,"1":1,"2":0,"3":0,"4":0,"5":0},"b":{"0":[0,0],"1":[0,0,0,0],"2":[0,0],"3":[0,0],"4":[0,0],"5":[0,0],"6":[0,0],"7":[0,0],"8":[0,0]},"_coverageSchema":"1a1c01bbd47fc00a2c39e90264f33305004495a9","hash":"6e4b0401eef64a9eacc71f1ac31b41daf6e139e3"}
,"/home/luffy/A/Relevel/Practice/5 aug ecom/middleware/authJwt.js": {"path":"/home/luffy/A/Relevel/Practice/5 aug ecom/middleware/authJwt.js","statementMap":{"0":{"start":{"line":1,"column":12},"end":{"line":1,"column":35}},"1":{"start":{"line":2,"column":17},"end":{"line":2,"column":37}},"2":{"start":{"line":4,"column":16},"end":{"line":4,"column":45}},"3":{"start":{"line":5,"column":2},"end":{"line":19,"column":3}},"4":{"start":{"line":6,"column":4},"end":{"line":16,"column":5}},"5":{"start":{"line":7,"column":21},"end":{"line":7,"column":72}},"6":{"start":{"line":8,"column":6},"end":{"line":13,"column":7}},"7":{"start":{"line":9,"column":8},"end":{"line":9,"column":31}},"8":{"start":{"line":10,"column":8},"end":{"line":10,"column":15}},"9":{"start":{"line":12,"column":8},"end":{"line":12,"column":80}},"10":{"start":{"line":15,"column":6},"end":{"line":15,"column":78}},"11":{"start":{"line":18,"column":4},"end":{"line":18,"column":59}},"12":{"start":{"line":23,"column":17},"end":{"line":23,"column":27}},"13":{"start":{"line":24,"column":2},"end":{"line":39,"column":3}},"14":{"start":{"line":25,"column":17},"end":{"line":25,"column":44}},"15":{"start":{"line":26,"column":22},"end":{"line":26,"column":43}},"16":{"start":{"line":28,"column":4},"end":{"line":33,"column":5}},"17":{"start":{"line":28,"column":17},"end":{"line":28,"column":18}},"18":{"start":{"line":29,"column":6},"end":{"line":32,"column":7}},"19":{"start":{"line":30,"column":8},"end":{"line":30,"column":15}},"20":{"start":{"line":31,"column":8},"end":{"line":31,"column":15}},"21":{"start":{"line":34,"column":4},"end":{"line":34,"column":73}},"22":{"start":{"line":36,"column":4},"end":{"line":36,"column":24}},"23":{"start":{"line":37,"column":4},"end":{"line":37,"column":64}},"24":{"start":{"line":38,"column":4},"end":{"line":38,"column":11}},"25":{"start":{"line":42,"column":0},"end":{"line":42,"column":42}}},"fnMap":{"0":{"name":"verifyToken","decl":{"start":{"line":3,"column":15},"end":{"line":3,"column":26}},"loc":{"start":{"line":3,"column":43},"end":{"line":20,"column":1}},"line":3},"1":{"name":"isAdmin","decl":{"start":{"line":22,"column":15},"end":{"line":22,"column":22}},"loc":{"start":{"line":22,"column":39},"end":{"line":40,"column":1}},"line":22}},"branchMap":{"0":{"loc":{"start":{"line":5,"column":2},"end":{"line":19,"column":3}},"type":"if","locations":[{"start":{"line":5,"column":2},"end":{"line":19,"column":3}},{"start":{"line":17,"column":9},"end":{"line":19,"column":3}}],"line":5},"1":{"loc":{"start":{"line":8,"column":6},"end":{"line":13,"column":7}},"type":"if","locations":[{"start":{"line":8,"column":6},"end":{"line":13,"column":7}},{"start":{"line":11,"column":13},"end":{"line":13,"column":7}}],"line":8},"2":{"loc":{"start":{"line":29,"column":6},"end":{"line":32,"column":7}},"type":"if","locations":[{"start":{"line":29,"column":6},"end":{"line":32,"column":7}},{"start":{},"end":{}}],"line":29}},"s":{"0":1,"1":1,"2":0,"3":0,"4":0,"5":0,"6":0,"7":0,"8":0,"9":0,"10":0,"11":0,"12":0,"13":0,"14":0,"15":0,"16":0,"17":0,"18":0,"19":0,"20":0,"21":0,"22":0,"23":0,"24":0,"25":1},"f":{"0":0,"1":0},"b":{"0":[0,0],"1":[0,0],"2":[0,0]},"_coverageSchema":"1a1c01bbd47fc00a2c39e90264f33305004495a9","hash":"a7f01f9e2e54685e3917dab750997ebbcf253a49"}
,"/home/luffy/A/Relevel/Practice/5 aug ecom/middleware/category.js": {"path":"/home/luffy/A/Relevel/Practice/5 aug ecom/middleware/category.js","statementMap":{"0":{"start":{"line":2,"column":23},"end":{"line":2,"column":31}},"1":{"start":{"line":3,"column":2},"end":{"line":7,"column":3}},"2":{"start":{"line":4,"column":4},"end":{"line":4,"column":55}},"3":{"start":{"line":6,"column":4},"end":{"line":6,"column":11}},"4":{"start":{"line":10,"column":0},"end":{"line":10,"column":42}}},"fnMap":{"0":{"name":"checkNameForCategory","decl":{"start":{"line":1,"column":15},"end":{"line":1,"column":35}},"loc":{"start":{"line":1,"column":52},"end":{"line":8,"column":1}},"line":1}},"branchMap":{"0":{"loc":{"start":{"line":3,"column":2},"end":{"line":7,"column":3}},"type":"if","locations":[{"start":{"line":3,"column":2},"end":{"line":7,"column":3}},{"start":{"line":5,"column":9},"end":{"line":7,"column":3}}],"line":3}},"s":{"0":0,"1":0,"2":0,"3":0,"4":1},"f":{"0":0},"b":{"0":[0,0]},"_coverageSchema":"1a1c01bbd47fc00a2c39e90264f33305004495a9","hash":"eed6346c6d177f0cc350624e0fe583f9189ce53e"}
,"/home/luffy/A/Relevel/Practice/5 aug ecom/middleware/index.js": {"path":"/home/luffy/A/Relevel/Practice/5 aug ecom/middleware/index.js","statementMap":{"0":{"start":{"line":1,"column":33},"end":{"line":1,"column":54}},"1":{"start":{"line":2,"column":32},"end":{"line":2,"column":52}},"2":{"start":{"line":3,"column":55},"end":{"line":3,"column":72}},"3":{"start":{"line":4,"column":33},"end":{"line":4,"column":53}},"4":{"start":{"line":6,"column":0},"end":{"line":13,"column":2}}},"fnMap":{},"branchMap":{},"s":{"0":1,"1":1,"2":1,"3":1,"4":1},"f":{},"b":{},"_coverageSchema":"1a1c01bbd47fc00a2c39e90264f33305004495a9","hash":"bb5f1d1c85b38c93bd15cf0a6caf0bea07d60163"}
,"/home/luffy/A/Relevel/Practice/5 aug ecom/middleware/product.js": {"path":"/home/luffy/A/Relevel/Practice/5 aug ecom/middleware/product.js","statementMap":{"0":{"start":{"line":1,"column":23},"end":{"line":1,"column":43}},"1":{"start":{"line":3,"column":22},"end":{"line":3,"column":30}},"2":{"start":{"line":4,"column":2},"end":{"line":7,"column":3}},"3":{"start":{"line":5,"column":4},"end":{"line":5,"column":55}},"4":{"start":{"line":6,"column":4},"end":{"line":6,"column":11}},"5":{"start":{"line":8,"column":2},"end":{"line":19,"column":3}},"6":{"start":{"line":9,"column":19},"end":{"line":9,"column":68}},"7":{"start":{"line":10,"column":4},"end":{"line":15,"column":5}},"8":{"start":{"line":11,"column":6},"end":{"line":11,"column":13}},"9":{"start":{"line":13,"column":6},"end":{"line":13,"column":57}},"10":{"start":{"line":14,"column":6},"end":{"line":14,"column":13}},"11":{"start":{"line":17,"column":4},"end":{"line":17,"column":53}},"12":{"start":{"line":18,"column":4},"end":{"line":18,"column":11}},"13":{"start":{"line":22,"column":0},"end":{"line":22,"column":41}}},"fnMap":{"0":{"name":"validateProductData","decl":{"start":{"line":2,"column":15},"end":{"line":2,"column":34}},"loc":{"start":{"line":2,"column":51},"end":{"line":20,"column":1}},"line":2}},"branchMap":{"0":{"loc":{"start":{"line":4,"column":2},"end":{"line":7,"column":3}},"type":"if","locations":[{"start":{"line":4,"column":2},"end":{"line":7,"column":3}},{"start":{},"end":{}}],"line":4},"1":{"loc":{"start":{"line":8,"column":2},"end":{"line":19,"column":3}},"type":"if","locations":[{"start":{"line":8,"column":2},"end":{"line":19,"column":3}},{"start":{"line":16,"column":9},"end":{"line":19,"column":3}}],"line":8},"2":{"loc":{"start":{"line":10,"column":4},"end":{"line":15,"column":5}},"type":"if","locations":[{"start":{"line":10,"column":4},"end":{"line":15,"column":5}},{"start":{"line":12,"column":11},"end":{"line":15,"column":5}}],"line":10}},"s":{"0":1,"1":0,"2":0,"3":0,"4":0,"5":0,"6":0,"7":0,"8":0,"9":0,"10":0,"11":0,"12":0,"13":1},"f":{"0":0},"b":{"0":[0,0],"1":[0,0],"2":[0,0]},"_coverageSchema":"1a1c01bbd47fc00a2c39e90264f33305004495a9","hash":"6eb64be7f798431fac1cd2922c7f3b3055ad9d84"}
,"/home/luffy/A/Relevel/Practice/5 aug ecom/middleware/user.js": {"path":"/home/luffy/A/Relevel/Practice/5 aug ecom/middleware/user.js","statementMap":{"0":{"start":{"line":1,"column":23},"end":{"line":1,"column":43}},"1":{"start":{"line":3,"column":2},"end":{"line":13,"column":3}},"2":{"start":{"line":4,"column":17},"end":{"line":8,"column":6}},"3":{"start":{"line":9,"column":4},"end":{"line":12,"column":5}},"4":{"start":{"line":10,"column":6},"end":{"line":10,"column":58}},"5":{"start":{"line":11,"column":6},"end":{"line":11,"column":13}},"6":{"start":{"line":14,"column":2},"end":{"line":24,"column":3}},"7":{"start":{"line":15,"column":17},"end":{"line":19,"column":6}},"8":{"start":{"line":20,"column":4},"end":{"line":23,"column":5}},"9":{"start":{"line":21,"column":6},"end":{"line":21,"column":59}},"10":{"start":{"line":22,"column":6},"end":{"line":22,"column":13}},"11":{"start":{"line":25,"column":2},"end":{"line":25,"column":9}},"12":{"start":{"line":29,"column":2},"end":{"line":57,"column":3}},"13":{"start":{"line":30,"column":18},"end":{"line":30,"column":32}},"14":{"start":{"line":31,"column":15},"end":{"line":31,"column":19}},"15":{"start":{"line":32,"column":27},"end":{"line":34,"column":6}},"16":{"start":{"line":36,"column":4},"end":{"line":48,"column":5}},"17":{"start":{"line":37,"column":25},"end":{"line":37,"column":27}},"18":{"start":{"line":38,"column":6},"end":{"line":40,"column":7}},"19":{"start":{"line":38,"column":19},"end":{"line":38,"column":20}},"20":{"start":{"line":39,"column":8},"end":{"line":39,"column":57}},"21":{"start":{"line":41,"column":6},"end":{"line":47,"column":7}},"22":{"start":{"line":41,"column":19},"end":{"line":41,"column":20}},"23":{"start":{"line":42,"column":23},"end":{"line":42,"column":52}},"24":{"start":{"line":43,"column":8},"end":{"line":46,"column":9}},"25":{"start":{"line":44,"column":10},"end":{"line":44,"column":23}},"26":{"start":{"line":45,"column":10},"end":{"line":45,"column":16}},"27":{"start":{"line":49,"column":4},"end":{"line":54,"column":5}},"28":{"start":{"line":50,"column":6},"end":{"line":50,"column":13}},"29":{"start":{"line":52,"column":6},"end":{"line":52,"column":59}},"30":{"start":{"line":53,"column":6},"end":{"line":53,"column":13}},"31":{"start":{"line":56,"column":4},"end":{"line":56,"column":11}},"32":{"start":{"line":60,"column":0},"end":{"line":60,"column":64}}},"fnMap":{"0":{"name":"checkDuplicateUsernameAndEmail","decl":{"start":{"line":2,"column":15},"end":{"line":2,"column":45}},"loc":{"start":{"line":2,"column":62},"end":{"line":26,"column":1}},"line":2},"1":{"name":"checkRoles","decl":{"start":{"line":28,"column":15},"end":{"line":28,"column":25}},"loc":{"start":{"line":28,"column":42},"end":{"line":58,"column":1}},"line":28}},"branchMap":{"0":{"loc":{"start":{"line":3,"column":2},"end":{"line":13,"column":3}},"type":"if","locations":[{"start":{"line":3,"column":2},"end":{"line":13,"column":3}},{"start":{},"end":{}}],"line":3},"1":{"loc":{"start":{"line":9,"column":4},"end":{"line":12,"column":5}},"type":"if","locations":[{"start":{"line":9,"column":4},"end":{"line":12,"column":5}},{"start":{},"end":{}}],"line":9},"2":{"loc":{"start":{"line":14,"column":2},"end":{"line":24,"column":3}},"type":"if","locations":[{"start":{"line":14,"column":2},"end":{"line":24,"column":3}},{"start":{},"end":{}}],"line":14},"3":{"loc":{"start":{"line":20,"column":4},"end":{"line":23,"column":5}},"type":"if","locations":[{"start":{"line":20,"column":4},"end":{"line":23,"column":5}},{"start":{},"end":{}}],"line":20},"4":{"loc":{"start":{"line":29,"column":2},"end":{"line":57,"column":3}},"type":"if","locations":[{"start":{"line":29,"column":2},"end":{"line":57,"column":3}},{"start":{"line":55,"column":9},"end":{"line":57,"column":3}}],"line":29},"5":{"loc":{"start":{"line":36,"column":4},"end":{"line":48,"column":5}},"type":"if","locations":[{"start":{"line":36,"column":4},"end":{"line":48,"column":5}},{"start":{},"end":{}}],"line":36},"6":{"loc":{"start":{"line":43,"column":8},"end":{"line":46,"column":9}},"type":"if","locations":[{"start":{"line":43,"column":8},"end":{"line":46,"column":9}},{"start":{},"end":{}}],"line":43},"7":{"loc":{"start":{"line":49,"column":4},"end":{"line":54,"column":5}},"type":"if","locations":[{"start":{"line":49,"column":4},"end":{"line":54,"column":5}},{"start":{"line":51,"column":11},"end":{"line":54,"column":5}}],"line":49}},"s":{"0":1,"1":0,"2":0,"3":0,"4":0,"5":0,"6":0,"7":0,"8":0,"9":0,"10":0,"11":0,"12":0,"13":0,"14":0,"15":0,"16":0,"17":0,"18":0,"19":0,"20":0,"21":0,"22":0,"23":0,"24":0,"25":0,"26":0,"27":0,"28":0,"29":0,"30":0,"31":0,"32":1},"f":{"0":0,"1":0},"b":{"0":[0,0],"1":[0,0],"2":[0,0],"3":[0,0],"4":[0,0],"5":[0,0],"6":[0,0],"7":[0,0]},"_coverageSchema":"1a1c01bbd47fc00a2c39e90264f33305004495a9","hash":"8524551cc622b0c0ae04e3a5f8e829d262f22899"}
,"/home/luffy/A/Relevel/Practice/5 aug ecom/models/cart.js": {"path":"/home/luffy/A/Relevel/Practice/5 aug ecom/models/cart.js","statementMap":{"0":{"start":{"line":2,"column":18},"end":{"line":2,"column":38}},"1":{"start":{"line":3,"column":0},"end":{"line":25,"column":2}},"2":{"start":{"line":12,"column":6},"end":{"line":12,"column":71}},"3":{"start":{"line":15,"column":2},"end":{"line":23,"column":4}},"4":{"start":{"line":24,"column":2},"end":{"line":24,"column":14}}},"fnMap":{"0":{"name":"(anonymous_0)","decl":{"start":{"line":3,"column":17},"end":{"line":3,"column":18}},"loc":{"start":{"line":3,"column":43},"end":{"line":25,"column":1}},"line":3},"1":{"name":"(anonymous_1)","decl":{"start":{"line":10,"column":4},"end":{"line":10,"column":5}},"loc":{"start":{"line":10,"column":29},"end":{"line":13,"column":5}},"line":10}},"branchMap":{},"s":{"0":2,"1":2,"2":2,"3":2,"4":2},"f":{"0":2,"1":2},"b":{},"_coverageSchema":"1a1c01bbd47fc00a2c39e90264f33305004495a9","hash":"f7f4dd6b96ee9e4ac5e7546af8f9aa63c333437b"}
,"/home/luffy/A/Relevel/Practice/5 aug ecom/models/categories.js": {"path":"/home/luffy/A/Relevel/Practice/5 aug ecom/models/categories.js","statementMap":{"0":{"start":{"line":2,"column":18},"end":{"line":2,"column":38}},"1":{"start":{"line":3,"column":0},"end":{"line":25,"column":2}},"2":{"start":{"line":11,"column":6},"end":{"line":11,"column":42}},"3":{"start":{"line":14,"column":2},"end":{"line":23,"column":4}},"4":{"start":{"line":24,"column":2},"end":{"line":24,"column":20}}},"fnMap":{"0":{"name":"(anonymous_0)","decl":{"start":{"line":3,"column":17},"end":{"line":3,"column":18}},"loc":{"start":{"line":3,"column":43},"end":{"line":25,"column":1}},"line":3},"1":{"name":"(anonymous_1)","decl":{"start":{"line":10,"column":4},"end":{"line":10,"column":5}},"loc":{"start":{"line":10,"column":29},"end":{"line":12,"column":5}},"line":10}},"branchMap":{},"s":{"0":2,"1":2,"2":2,"3":2,"4":2},"f":{"0":2,"1":2},"b":{},"_coverageSchema":"1a1c01bbd47fc00a2c39e90264f33305004495a9","hash":"37da9dd6a606434386f33b999a4b5fff81052a82"}
,"/home/luffy/A/Relevel/Practice/5 aug ecom/models/index.js": {"path":"/home/luffy/A/Relevel/Practice/5 aug ecom/models/index.js","statementMap":{"0":{"start":{"line":3,"column":11},"end":{"line":3,"column":24}},"1":{"start":{"line":4,"column":13},"end":{"line":4,"column":28}},"2":{"start":{"line":5,"column":18},"end":{"line":5,"column":38}},"3":{"start":{"line":6,"column":17},"end":{"line":6,"column":42}},"4":{"start":{"line":7,"column":12},"end":{"line":7,"column":49}},"5":{"start":{"line":8,"column":15},"end":{"line":8,"column":65}},"6":{"start":{"line":9,"column":11},"end":{"line":9,"column":13}},"7":{"start":{"line":12,"column":0},"end":{"line":16,"column":1}},"8":{"start":{"line":13,"column":2},"end":{"line":13,"column":74}},"9":{"start":{"line":15,"column":2},"end":{"line":15,"column":87}},"10":{"start":{"line":18,"column":0},"end":{"line":26,"column":5}},"11":{"start":{"line":21,"column":4},"end":{"line":21,"column":90}},"12":{"start":{"line":24,"column":18},"end":{"line":24,"column":85}},"13":{"start":{"line":25,"column":4},"end":{"line":25,"column":27}},"14":{"start":{"line":28,"column":0},"end":{"line":32,"column":3}},"15":{"start":{"line":29,"column":2},"end":{"line":31,"column":3}},"16":{"start":{"line":30,"column":4},"end":{"line":30,"column":32}},"17":{"start":{"line":34,"column":0},"end":{"line":34,"column":25}},"18":{"start":{"line":35,"column":0},"end":{"line":35,"column":25}},"19":{"start":{"line":37,"column":0},"end":{"line":37,"column":20}}},"fnMap":{"0":{"name":"(anonymous_0)","decl":{"start":{"line":20,"column":10},"end":{"line":20,"column":11}},"loc":{"start":{"line":20,"column":18},"end":{"line":22,"column":3}},"line":20},"1":{"name":"(anonymous_1)","decl":{"start":{"line":23,"column":11},"end":{"line":23,"column":12}},"loc":{"start":{"line":23,"column":19},"end":{"line":26,"column":3}},"line":23},"2":{"name":"(anonymous_2)","decl":{"start":{"line":28,"column":24},"end":{"line":28,"column":25}},"loc":{"start":{"line":28,"column":37},"end":{"line":32,"column":1}},"line":28}},"branchMap":{"0":{"loc":{"start":{"line":7,"column":12},"end":{"line":7,"column":49}},"type":"binary-expr","locations":[{"start":{"line":7,"column":12},"end":{"line":7,"column":32}},{"start":{"line":7,"column":36},"end":{"line":7,"column":49}}],"line":7},"1":{"loc":{"start":{"line":12,"column":0},"end":{"line":16,"column":1}},"type":"if","locations":[{"start":{"line":12,"column":0},"end":{"line":16,"column":1}},{"start":{"line":14,"column":7},"end":{"line":16,"column":1}}],"line":12},"2":{"loc":{"start":{"line":21,"column":11},"end":{"line":21,"column":89}},"type":"binary-expr","locations":[{"start":{"line":21,"column":12},"end":{"line":21,"column":35}},{"start":{"line":21,"column":41},"end":{"line":21,"column":58}},{"start":{"line":21,"column":64},"end":{"line":21,"column":88}}],"line":21},"3":{"loc":{"start":{"line":29,"column":2},"end":{"line":31,"column":3}},"type":"if","locations":[{"start":{"line":29,"column":2},"end":{"line":31,"column":3}},{"start":{},"end":{}}],"line":29}},"s":{"0":2,"1":2,"2":2,"3":2,"4":2,"5":2,"6":2,"7":2,"8":0,"9":2,"10":2,"11":12,"12":10,"13":10,"14":2,"15":10,"16":10,"17":2,"18":2,"19":2},"f":{"0":12,"1":10,"2":10},"b":{"0":[2,0],"1":[0,2],"2":[12,12,10],"3":[10,0]},"_coverageSchema":"1a1c01bbd47fc00a2c39e90264f33305004495a9","hash":"0cfe0efd62ffb77e2d06ce7a8af95ec0d4b7a31f"}
,"/home/luffy/A/Relevel/Practice/5 aug ecom/models/products.js": {"path":"/home/luffy/A/Relevel/Practice/5 aug ecom/models/products.js","statementMap":{"0":{"start":{"line":2,"column":18},"end":{"line":2,"column":38}},"1":{"start":{"line":3,"column":0},"end":{"line":29,"column":2}},"2":{"start":{"line":12,"column":6},"end":{"line":12,"column":44}},"3":{"start":{"line":13,"column":6},"end":{"line":13,"column":71}},"4":{"start":{"line":16,"column":2},"end":{"line":27,"column":4}},"5":{"start":{"line":28,"column":2},"end":{"line":28,"column":18}}},"fnMap":{"0":{"name":"(anonymous_0)","decl":{"start":{"line":3,"column":17},"end":{"line":3,"column":18}},"loc":{"start":{"line":3,"column":43},"end":{"line":29,"column":1}},"line":3},"1":{"name":"(anonymous_1)","decl":{"start":{"line":10,"column":4},"end":{"line":10,"column":5}},"loc":{"start":{"line":10,"column":29},"end":{"line":14,"column":5}},"line":10}},"branchMap":{},"s":{"0":2,"1":2,"2":2,"3":2,"4":2,"5":2},"f":{"0":2,"1":2},"b":{},"_coverageSchema":"1a1c01bbd47fc00a2c39e90264f33305004495a9","hash":"e3f066543709f6402b7b436dd825de14e32238bc"}
,"/home/luffy/A/Relevel/Practice/5 aug ecom/models/role.js": {"path":"/home/luffy/A/Relevel/Practice/5 aug ecom/models/role.js","statementMap":{"0":{"start":{"line":2,"column":18},"end":{"line":2,"column":38}},"1":{"start":{"line":3,"column":0},"end":{"line":25,"column":2}},"2":{"start":{"line":12,"column":6},"end":{"line":12,"column":64}},"3":{"start":{"line":15,"column":2},"end":{"line":23,"column":4}},"4":{"start":{"line":24,"column":2},"end":{"line":24,"column":14}}},"fnMap":{"0":{"name":"(anonymous_0)","decl":{"start":{"line":3,"column":17},"end":{"line":3,"column":18}},"loc":{"start":{"line":3,"column":43},"end":{"line":25,"column":1}},"line":3},"1":{"name":"(anonymous_1)","decl":{"start":{"line":10,"column":4},"end":{"line":10,"column":5}},"loc":{"start":{"line":10,"column":29},"end":{"line":13,"column":5}},"line":10}},"branchMap":{},"s":{"0":2,"1":2,"2":2,"3":2,"4":2},"f":{"0":2,"1":2},"b":{},"_coverageSchema":"1a1c01bbd47fc00a2c39e90264f33305004495a9","hash":"645adf439bf1ae613401b7e262b18bdb7d542d06"}
,"/home/luffy/A/Relevel/Practice/5 aug ecom/models/user.js": {"path":"/home/luffy/A/Relevel/Practice/5 aug ecom/models/user.js","statementMap":{"0":{"start":{"line":2,"column":18},"end":{"line":2,"column":38}},"1":{"start":{"line":3,"column":0},"end":{"line":26,"column":2}},"2":{"start":{"line":11,"column":6},"end":{"line":11,"column":64}},"3":{"start":{"line":14,"column":2},"end":{"line":24,"column":4}},"4":{"start":{"line":25,"column":2},"end":{"line":25,"column":14}}},"fnMap":{"0":{"name":"(anonymous_0)","decl":{"start":{"line":3,"column":17},"end":{"line":3,"column":18}},"loc":{"start":{"line":3,"column":43},"end":{"line":26,"column":1}},"line":3},"1":{"name":"(anonymous_1)","decl":{"start":{"line":10,"column":4},"end":{"line":10,"column":5}},"loc":{"start":{"line":10,"column":29},"end":{"line":12,"column":5}},"line":10}},"branchMap":{},"s":{"0":2,"1":2,"2":2,"3":2,"4":2},"f":{"0":2,"1":2},"b":{},"_coverageSchema":"1a1c01bbd47fc00a2c39e90264f33305004495a9","hash":"0ad9d7e5be0a9f0861a9a6638a8772d72b5e3881"}
,"/home/luffy/A/Relevel/Practice/5 aug ecom/routes/auth.js": {"path":"/home/luffy/A/Relevel/Practice/5 aug ecom/routes/auth.js","statementMap":{"0":{"start":{"line":1,"column":16},"end":{"line":1,"column":34}},"1":{"start":{"line":2,"column":15},"end":{"line":2,"column":31}},"2":{"start":{"line":3,"column":23},"end":{"line":3,"column":40}},"3":{"start":{"line":4,"column":27},"end":{"line":4,"column":56}},"4":{"start":{"line":8,"column":4},"end":{"line":8,"column":33}},"5":{"start":{"line":10,"column":0},"end":{"line":14,"column":2}},"6":{"start":{"line":15,"column":0},"end":{"line":15,"column":49}},"7":{"start":{"line":17,"column":0},"end":{"line":17,"column":40}}},"fnMap":{},"branchMap":{},"s":{"0":1,"1":1,"2":1,"3":1,"4":1,"5":1,"6":1,"7":1},"f":{},"b":{},"_coverageSchema":"1a1c01bbd47fc00a2c39e90264f33305004495a9","hash":"fd7f057d63038f63e1760c4d168e0eaad50e5bf0"}
,"/home/luffy/A/Relevel/Practice/5 aug ecom/routes/cart.js": {"path":"/home/luffy/A/Relevel/Practice/5 aug ecom/routes/cart.js","statementMap":{"0":{"start":{"line":1,"column":16},"end":{"line":1,"column":34}},"1":{"start":{"line":2,"column":32},"end":{"line":2,"column":61}},"2":{"start":{"line":3,"column":24},"end":{"line":3,"column":48}},"3":{"start":{"line":4,"column":15},"end":{"line":4,"column":31}},"4":{"start":{"line":6,"column":0},"end":{"line":6,"column":64}},"5":{"start":{"line":7,"column":0},"end":{"line":7,"column":61}},"6":{"start":{"line":9,"column":0},"end":{"line":9,"column":40}}},"fnMap":{},"branchMap":{},"s":{"0":1,"1":1,"2":1,"3":1,"4":1,"5":1,"6":1},"f":{},"b":{},"_coverageSchema":"1a1c01bbd47fc00a2c39e90264f33305004495a9","hash":"679a9fdbc9e0040ac54ac2f2384af2ab4b7990b8"}
,"/home/luffy/A/Relevel/Practice/5 aug ecom/routes/category.js": {"path":"/home/luffy/A/Relevel/Practice/5 aug ecom/routes/category.js","statementMap":{"0":{"start":{"line":1,"column":16},"end":{"line":1,"column":34}},"1":{"start":{"line":8,"column":4},"end":{"line":8,"column":37}},"2":{"start":{"line":9,"column":55},"end":{"line":9,"column":79}},"3":{"start":{"line":10,"column":15},"end":{"line":10,"column":31}},"4":{"start":{"line":12,"column":0},"end":{"line":16,"column":2}},"5":{"start":{"line":17,"column":0},"end":{"line":17,"column":55}},"6":{"start":{"line":18,"column":0},"end":{"line":18,"column":60}},"7":{"start":{"line":19,"column":0},"end":{"line":23,"column":2}},"8":{"start":{"line":24,"column":0},"end":{"line":28,"column":2}},"9":{"start":{"line":30,"column":0},"end":{"line":30,"column":44}}},"fnMap":{},"branchMap":{},"s":{"0":1,"1":1,"2":1,"3":1,"4":1,"5":1,"6":1,"7":1,"8":1,"9":1},"f":{},"b":{},"_coverageSchema":"1a1c01bbd47fc00a2c39e90264f33305004495a9","hash":"d046bfcebba958b9d9fead02fb7e6380b5bfc953"}
,"/home/luffy/A/Relevel/Practice/5 aug ecom/routes/index.js": {"path":"/home/luffy/A/Relevel/Practice/5 aug ecom/routes/index.js","statementMap":{"0":{"start":{"line":1,"column":27},"end":{"line":1,"column":48}},"1":{"start":{"line":2,"column":26},"end":{"line":2,"column":46}},"2":{"start":{"line":3,"column":23},"end":{"line":3,"column":40}},"3":{"start":{"line":4,"column":23},"end":{"line":4,"column":40}},"4":{"start":{"line":5,"column":0},"end":{"line":10,"column":2}}},"fnMap":{},"branchMap":{},"s":{"0":1,"1":1,"2":1,"3":1,"4":1},"f":{},"b":{},"_coverageSchema":"1a1c01bbd47fc00a2c39e90264f33305004495a9","hash":"68f6a97d6e3bb83e2fcb1f72c3f5a310b2d78a18"}
,"/home/luffy/A/Relevel/Practice/5 aug ecom/routes/product.js": {"path":"/home/luffy/A/Relevel/Practice/5 aug ecom/routes/product.js","statementMap":{"0":{"start":{"line":1,"column":16},"end":{"line":1,"column":34}},"1":{"start":{"line":2,"column":54},"end":{"line":2,"column":78}},"2":{"start":{"line":10,"column":4},"end":{"line":10,"column":36}},"3":{"start":{"line":11,"column":15},"end":{"line":11,"column":31}},"4":{"start":{"line":13,"column":0},"end":{"line":17,"column":2}},"5":{"start":{"line":18,"column":0},"end":{"line":18,"column":51}},"6":{"start":{"line":19,"column":0},"end":{"line":19,"column":65}},"7":{"start":{"line":20,"column":0},"end":{"line":20,"column":56}},"8":{"start":{"line":21,"column":0},"end":{"line":21,"column":79}},"9":{"start":{"line":22,"column":0},"end":{"line":26,"column":2}},"10":{"start":{"line":28,"column":0},"end":{"line":28,"column":43}}},"fnMap":{},"branchMap":{},"s":{"0":1,"1":1,"2":1,"3":1,"4":1,"5":1,"6":1,"7":1,"8":1,"9":1,"10":1},"f":{},"b":{},"_coverageSchema":"1a1c01bbd47fc00a2c39e90264f33305004495a9","hash":"43e05e302b8d86b34580ab976b8ad5c170e517c4"}
,"/home/luffy/A/Relevel/Practice/5 aug ecom/tests/interceptor.js": {"path":"/home/luffy/A/Relevel/Practice/5 aug ecom/tests/interceptor.js","statementMap":{"0":{"start":{"line":1,"column":0},"end":{"line":15,"column":2}},"1":{"start":{"line":3,"column":16},"end":{"line":3,"column":18}},"2":{"start":{"line":4,"column":4},"end":{"line":4,"column":46}},"3":{"start":{"line":5,"column":4},"end":{"line":5,"column":48}},"4":{"start":{"line":6,"column":4},"end":{"line":6,"column":15}},"5":{"start":{"line":9,"column":16},"end":{"line":9,"column":18}},"6":{"start":{"line":10,"column":4},"end":{"line":10,"column":46}},"7":{"start":{"line":11,"column":4},"end":{"line":11,"column":48}},"8":{"start":{"line":12,"column":4},"end":{"line":12,"column":46}},"9":{"start":{"line":13,"column":4},"end":{"line":13,"column":15}}},"fnMap":{"0":{"name":"(anonymous_0)","decl":{"start":{"line":2,"column":15},"end":{"line":2,"column":16}},"loc":{"start":{"line":2,"column":21},"end":{"line":7,"column":3}},"line":2},"1":{"name":"(anonymous_1)","decl":{"start":{"line":8,"column":16},"end":{"line":8,"column":17}},"loc":{"start":{"line":8,"column":22},"end":{"line":14,"column":3}},"line":8}},"branchMap":{},"s":{"0":1,"1":3,"2":3,"3":3,"4":3,"5":3,"6":3,"7":3,"8":3,"9":3},"f":{"0":3,"1":3},"b":{},"_coverageSchema":"1a1c01bbd47fc00a2c39e90264f33305004495a9","hash":"597a3301aca563c47cfe2cae468a6a2dc2e2838a"}
}
